{"/home/speira/htdocs/pro/listItem/root/index.js": {"path":"/home/speira/htdocs/pro/listItem/root/index.js","statementMap":{"0":{"start":{"line":12,"column":2},"end":{"line":16,"column":3}}},"fnMap":{"0":{"name":"Root","decl":{"start":{"line":11,"column":24},"end":{"line":11,"column":28}},"loc":{"start":{"line":11,"column":31},"end":{"line":17,"column":1}},"line":11}},"branchMap":{},"s":{"0":1},"f":{"0":1},"b":{},"_coverageSchema":"1a1c01bbd47fc00a2c39e90264f33305004495a9","hash":"1e9c34c9859a5e08656cb496be3d352ceef1b9d4"}
,"/home/speira/htdocs/pro/listItem/root/components/Button/index.js": {"path":"/home/speira/htdocs/pro/listItem/root/components/Button/index.js","statementMap":{"0":{"start":{"line":6,"column":19},"end":{"line":6,"column":28}},"1":{"start":{"line":14,"column":43},"end":{"line":14,"column":48}},"2":{"start":{"line":15,"column":2},"end":{"line":21,"column":3}},"3":{"start":{"line":23,"column":0},"end":{"line":27,"column":1}},"4":{"start":{"line":25,"column":17},"end":{"line":25,"column":21}},"5":{"start":{"line":28,"column":0},"end":{"line":33,"column":1}}},"fnMap":{"0":{"name":"Button","decl":{"start":{"line":13,"column":9},"end":{"line":13,"column":15}},"loc":{"start":{"line":13,"column":23},"end":{"line":22,"column":1}},"line":13},"1":{"name":"(anonymous_1)","decl":{"start":{"line":25,"column":11},"end":{"line":25,"column":12}},"loc":{"start":{"line":25,"column":17},"end":{"line":25,"column":21}},"line":25}},"branchMap":{"0":{"loc":{"start":{"line":15,"column":9},"end":{"line":21,"column":3}},"type":"cond-expr","locations":[{"start":{"line":15,"column":16},"end":{"line":15,"column":20}},{"start":{"line":16,"column":4},"end":{"line":20,"column":17}}],"line":15}},"s":{"0":3,"1":1,"2":1,"3":3,"4":0,"5":3},"f":{"0":1,"1":0},"b":{"0":[0,1]},"_coverageSchema":"1a1c01bbd47fc00a2c39e90264f33305004495a9","hash":"a7968ce4f323299a13c5f788e2c5f9ecd8d44ec5"}
,"/home/speira/htdocs/pro/listItem/root/components/Button/style.js": {"path":"/home/speira/htdocs/pro/listItem/root/components/Button/style.js","statementMap":{"0":{"start":{"line":9,"column":26},"end":{"line":11,"column":1}},"1":{"start":{"line":10,"column":26},"end":{"line":10,"column":51}},"2":{"start":{"line":18,"column":26},"end":{"line":21,"column":1}},"3":{"start":{"line":27,"column":19},"end":{"line":31,"column":1}},"4":{"start":{"line":29,"column":45},"end":{"line":29,"column":73}}},"fnMap":{"0":{"name":"(anonymous_0)","decl":{"start":{"line":10,"column":11},"end":{"line":10,"column":12}},"loc":{"start":{"line":10,"column":26},"end":{"line":10,"column":51}},"line":10},"1":{"name":"(anonymous_1)","decl":{"start":{"line":29,"column":22},"end":{"line":29,"column":23}},"loc":{"start":{"line":29,"column":45},"end":{"line":29,"column":73}},"line":29}},"branchMap":{},"s":{"0":3,"1":0,"2":3,"3":3,"4":0},"f":{"0":0,"1":0},"b":{},"_coverageSchema":"1a1c01bbd47fc00a2c39e90264f33305004495a9","hash":"78d16c54bfbbd4cb5b5ca00701741de86e456160"}
,"/home/speira/htdocs/pro/listItem/root/components/Card/index.js": {"path":"/home/speira/htdocs/pro/listItem/root/components/Card/index.js","statementMap":{"0":{"start":{"line":19,"column":39},"end":{"line":19,"column":44}},"1":{"start":{"line":20,"column":2},"end":{"line":34,"column":3}},"2":{"start":{"line":36,"column":0},"end":{"line":39,"column":1}},"3":{"start":{"line":40,"column":0},"end":{"line":43,"column":1}}},"fnMap":{"0":{"name":"Card","decl":{"start":{"line":18,"column":24},"end":{"line":18,"column":28}},"loc":{"start":{"line":18,"column":36},"end":{"line":35,"column":1}},"line":18}},"branchMap":{},"s":{"0":1,"1":1,"2":3,"3":3},"f":{"0":1},"b":{},"_coverageSchema":"1a1c01bbd47fc00a2c39e90264f33305004495a9","hash":"1384583fe62fce3ed17736bb59af098286a9db98"}
,"/home/speira/htdocs/pro/listItem/root/components/Card/style.js": {"path":"/home/speira/htdocs/pro/listItem/root/components/Card/style.js","statementMap":{"0":{"start":{"line":9,"column":26},"end":{"line":13,"column":1}},"1":{"start":{"line":19,"column":24},"end":{"line":23,"column":1}},"2":{"start":{"line":30,"column":29},"end":{"line":33,"column":1}},"3":{"start":{"line":39,"column":26},"end":{"line":43,"column":1}},"4":{"start":{"line":48,"column":24},"end":{"line":51,"column":1}},"5":{"start":{"line":49,"column":26},"end":{"line":49,"column":50}},"6":{"start":{"line":57,"column":17},"end":{"line":69,"column":1}},"7":{"start":{"line":60,"column":37},"end":{"line":60,"column":67}},"8":{"start":{"line":64,"column":33},"end":{"line":64,"column":57}}},"fnMap":{"0":{"name":"(anonymous_0)","decl":{"start":{"line":49,"column":11},"end":{"line":49,"column":12}},"loc":{"start":{"line":49,"column":26},"end":{"line":49,"column":50}},"line":49},"1":{"name":"(anonymous_1)","decl":{"start":{"line":60,"column":22},"end":{"line":60,"column":23}},"loc":{"start":{"line":60,"column":37},"end":{"line":60,"column":67}},"line":60},"2":{"name":"(anonymous_2)","decl":{"start":{"line":64,"column":18},"end":{"line":64,"column":19}},"loc":{"start":{"line":64,"column":33},"end":{"line":64,"column":57}},"line":64}},"branchMap":{},"s":{"0":3,"1":3,"2":3,"3":3,"4":3,"5":0,"6":3,"7":0,"8":0},"f":{"0":0,"1":0,"2":0},"b":{},"_coverageSchema":"1a1c01bbd47fc00a2c39e90264f33305004495a9","hash":"02113fc50bf643a77c1ad4f1a86bd27e0d8862ff"}
,"/home/speira/htdocs/pro/listItem/root/components/CardWrapper/index.js": {"path":"/home/speira/htdocs/pro/listItem/root/components/CardWrapper/index.js","statementMap":{"0":{"start":{"line":11,"column":54},"end":{"line":11,"column":59}},"1":{"start":{"line":13,"column":2},"end":{"line":18,"column":3}},"2":{"start":{"line":21,"column":0},"end":{"line":25,"column":1}},"3":{"start":{"line":24,"column":18},"end":{"line":24,"column":22}},"4":{"start":{"line":26,"column":0},"end":{"line":30,"column":1}}},"fnMap":{"0":{"name":"CardWrapper","decl":{"start":{"line":10,"column":24},"end":{"line":10,"column":35}},"loc":{"start":{"line":10,"column":43},"end":{"line":19,"column":1}},"line":10},"1":{"name":"(anonymous_1)","decl":{"start":{"line":24,"column":12},"end":{"line":24,"column":13}},"loc":{"start":{"line":24,"column":18},"end":{"line":24,"column":22}},"line":24}},"branchMap":{},"s":{"0":1,"1":1,"2":3,"3":0,"4":3},"f":{"0":1,"1":0},"b":{},"_coverageSchema":"1a1c01bbd47fc00a2c39e90264f33305004495a9","hash":"189bd5db5a84baeae00b12d60149aee087aaf2ea"}
,"/home/speira/htdocs/pro/listItem/root/components/CardWrapper/style.js": {"path":"/home/speira/htdocs/pro/listItem/root/components/CardWrapper/style.js","statementMap":{"0":{"start":{"line":9,"column":32},"end":{"line":15,"column":1}},"1":{"start":{"line":13,"column":26},"end":{"line":13,"column":50}},"2":{"start":{"line":21,"column":34},"end":{"line":35,"column":1}},"3":{"start":{"line":21,"column":66},"end":{"line":29,"column":1}},"4":{"start":{"line":33,"column":37},"end":{"line":33,"column":65}},"5":{"start":{"line":41,"column":24},"end":{"line":45,"column":1}},"6":{"start":{"line":43,"column":37},"end":{"line":43,"column":66}}},"fnMap":{"0":{"name":"(anonymous_0)","decl":{"start":{"line":13,"column":11},"end":{"line":13,"column":12}},"loc":{"start":{"line":13,"column":26},"end":{"line":13,"column":50}},"line":13},"1":{"name":"(anonymous_1)","decl":{"start":{"line":21,"column":59},"end":{"line":21,"column":60}},"loc":{"start":{"line":21,"column":66},"end":{"line":29,"column":1}},"line":21},"2":{"name":"(anonymous_2)","decl":{"start":{"line":33,"column":22},"end":{"line":33,"column":23}},"loc":{"start":{"line":33,"column":37},"end":{"line":33,"column":65}},"line":33},"3":{"name":"(anonymous_3)","decl":{"start":{"line":43,"column":22},"end":{"line":43,"column":23}},"loc":{"start":{"line":43,"column":37},"end":{"line":43,"column":66}},"line":43}},"branchMap":{},"s":{"0":3,"1":0,"2":3,"3":0,"4":0,"5":3,"6":0},"f":{"0":0,"1":0,"2":0,"3":0},"b":{},"_coverageSchema":"1a1c01bbd47fc00a2c39e90264f33305004495a9","hash":"58a02e06b7de94ed3d4f2900bef4452b0437f742"}
,"/home/speira/htdocs/pro/listItem/root/components/Layout/index.js": {"path":"/home/speira/htdocs/pro/listItem/root/components/Layout/index.js","statementMap":{"0":{"start":{"line":16,"column":30},"end":{"line":16,"column":35}},"1":{"start":{"line":18,"column":2},"end":{"line":27,"column":3}},"2":{"start":{"line":30,"column":0},"end":{"line":32,"column":1}},"3":{"start":{"line":33,"column":0},"end":{"line":36,"column":1}}},"fnMap":{"0":{"name":"Layout","decl":{"start":{"line":15,"column":24},"end":{"line":15,"column":30}},"loc":{"start":{"line":15,"column":38},"end":{"line":28,"column":1}},"line":15}},"branchMap":{},"s":{"0":1,"1":1,"2":3,"3":3},"f":{"0":1},"b":{},"_coverageSchema":"1a1c01bbd47fc00a2c39e90264f33305004495a9","hash":"b3f24f268b2c376c61eb544442924d6456df99ce"}
,"/home/speira/htdocs/pro/listItem/root/components/Layout/style.js": {"path":"/home/speira/htdocs/pro/listItem/root/components/Layout/style.js","statementMap":{"0":{"start":{"line":10,"column":31},"end":{"line":13,"column":5}},"1":{"start":{"line":10,"column":71},"end":{"line":13,"column":1}},"2":{"start":{"line":20,"column":27},"end":{"line":25,"column":1}},"3":{"start":{"line":24,"column":26},"end":{"line":24,"column":50}},"4":{"start":{"line":31,"column":28},"end":{"line":33,"column":1}},"5":{"start":{"line":39,"column":26},"end":{"line":42,"column":1}},"6":{"start":{"line":48,"column":28},"end":{"line":50,"column":1}},"7":{"start":{"line":57,"column":19},"end":{"line":61,"column":1}},"8":{"start":{"line":59,"column":37},"end":{"line":59,"column":64}}},"fnMap":{"0":{"name":"(anonymous_0)","decl":{"start":{"line":10,"column":55},"end":{"line":10,"column":56}},"loc":{"start":{"line":10,"column":71},"end":{"line":13,"column":1}},"line":10},"1":{"name":"(anonymous_1)","decl":{"start":{"line":24,"column":11},"end":{"line":24,"column":12}},"loc":{"start":{"line":24,"column":26},"end":{"line":24,"column":50}},"line":24},"2":{"name":"(anonymous_2)","decl":{"start":{"line":59,"column":22},"end":{"line":59,"column":23}},"loc":{"start":{"line":59,"column":37},"end":{"line":59,"column":64}},"line":59}},"branchMap":{},"s":{"0":3,"1":0,"2":3,"3":0,"4":3,"5":3,"6":3,"7":3,"8":0},"f":{"0":0,"1":0,"2":0},"b":{},"_coverageSchema":"1a1c01bbd47fc00a2c39e90264f33305004495a9","hash":"3e2f7b92cb387542576ff1091410964e1877d058"}
,"/home/speira/htdocs/pro/listItem/root/components/RequestWrapper/index.js": {"path":"/home/speira/htdocs/pro/listItem/root/components/RequestWrapper/index.js","statementMap":{"0":{"start":{"line":16,"column":42},"end":{"line":16,"column":47}},"1":{"start":{"line":17,"column":2},"end":{"line":22,"column":5}},"2":{"start":{"line":18,"column":4},"end":{"line":22,"column":5}},"3":{"start":{"line":23,"column":2},"end":{"line":31,"column":3}},"4":{"start":{"line":24,"column":4},"end":{"line":30,"column":5}},"5":{"start":{"line":27,"column":10},"end":{"line":27,"column":61}},"6":{"start":{"line":32,"column":2},"end":{"line":32,"column":60}},"7":{"start":{"line":34,"column":0},"end":{"line":37,"column":1}},"8":{"start":{"line":38,"column":0},"end":{"line":42,"column":1}}},"fnMap":{"0":{"name":"RequestWrapper","decl":{"start":{"line":15,"column":9},"end":{"line":15,"column":23}},"loc":{"start":{"line":15,"column":31},"end":{"line":33,"column":1}},"line":15},"1":{"name":"(anonymous_1)","decl":{"start":{"line":26,"column":20},"end":{"line":26,"column":21}},"loc":{"start":{"line":27,"column":10},"end":{"line":27,"column":61}},"line":27}},"branchMap":{"0":{"loc":{"start":{"line":17,"column":2},"end":{"line":22,"column":5}},"type":"if","locations":[{"start":{"line":17,"column":2},"end":{"line":22,"column":5}},{"start":{},"end":{}}],"line":17},"1":{"loc":{"start":{"line":23,"column":2},"end":{"line":31,"column":3}},"type":"if","locations":[{"start":{"line":23,"column":2},"end":{"line":31,"column":3}},{"start":{},"end":{}}],"line":23}},"s":{"0":3,"1":3,"2":1,"3":2,"4":1,"5":1,"6":1,"7":3,"8":3},"f":{"0":3,"1":1},"b":{"0":[1,2],"1":[1,1]},"_coverageSchema":"1a1c01bbd47fc00a2c39e90264f33305004495a9","hash":"9de41c4d4b3ba9a08055085aba0664a1e3c677a2"}
,"/home/speira/htdocs/pro/listItem/root/components/RequestWrapper/style.js": {"path":"/home/speira/htdocs/pro/listItem/root/components/RequestWrapper/style.js","statementMap":{"0":{"start":{"line":9,"column":36},"end":{"line":9,"column":50}},"1":{"start":{"line":16,"column":29},"end":{"line":19,"column":5}},"2":{"start":{"line":16,"column":77},"end":{"line":19,"column":1}},"3":{"start":{"line":26,"column":35},"end":{"line":31,"column":1}},"4":{"start":{"line":29,"column":37},"end":{"line":29,"column":64}},"5":{"start":{"line":38,"column":28},"end":{"line":40,"column":1}},"6":{"start":{"line":39,"column":26},"end":{"line":39,"column":51}},"7":{"start":{"line":47,"column":27},"end":{"line":49,"column":1}}},"fnMap":{"0":{"name":"(anonymous_0)","decl":{"start":{"line":16,"column":61},"end":{"line":16,"column":62}},"loc":{"start":{"line":16,"column":77},"end":{"line":19,"column":1}},"line":16},"1":{"name":"(anonymous_1)","decl":{"start":{"line":29,"column":22},"end":{"line":29,"column":23}},"loc":{"start":{"line":29,"column":37},"end":{"line":29,"column":64}},"line":29},"2":{"name":"(anonymous_2)","decl":{"start":{"line":39,"column":11},"end":{"line":39,"column":12}},"loc":{"start":{"line":39,"column":26},"end":{"line":39,"column":51}},"line":39}},"branchMap":{},"s":{"0":3,"1":3,"2":0,"3":3,"4":0,"5":3,"6":0,"7":3},"f":{"0":0,"1":0,"2":0},"b":{},"_coverageSchema":"1a1c01bbd47fc00a2c39e90264f33305004495a9","hash":"171ec93ce897d275b80f3637a3da0d27e93475f2"}
,"/home/speira/htdocs/pro/listItem/root/components/WebPage/index.js": {"path":"/home/speira/htdocs/pro/listItem/root/components/WebPage/index.js","statementMap":{"0":{"start":{"line":12,"column":24},"end":{"line":12,"column":29}},"1":{"start":{"line":13,"column":2},"end":{"line":13,"column":55}},"2":{"start":{"line":15,"column":0},"end":{"line":17,"column":1}},"3":{"start":{"line":18,"column":0},"end":{"line":21,"column":1}}},"fnMap":{"0":{"name":"WebPage","decl":{"start":{"line":11,"column":9},"end":{"line":11,"column":16}},"loc":{"start":{"line":11,"column":24},"end":{"line":14,"column":1}},"line":11}},"branchMap":{"0":{"loc":{"start":{"line":13,"column":9},"end":{"line":13,"column":55}},"type":"cond-expr","locations":[{"start":{"line":13,"column":16},"end":{"line":13,"column":20}},{"start":{"line":13,"column":23},"end":{"line":13,"column":55}}],"line":13}},"s":{"0":1,"1":1,"2":3,"3":3},"f":{"0":1},"b":{"0":[0,1]},"_coverageSchema":"1a1c01bbd47fc00a2c39e90264f33305004495a9","hash":"27be99412c2ac0e9818654800413371202ca000f"}
,"/home/speira/htdocs/pro/listItem/root/components/WebPage/style.js": {"path":"/home/speira/htdocs/pro/listItem/root/components/WebPage/style.js","statementMap":{"0":{"start":{"line":9,"column":20},"end":{"line":9,"column":37}}},"fnMap":{},"branchMap":{},"s":{"0":3},"f":{},"b":{},"_coverageSchema":"1a1c01bbd47fc00a2c39e90264f33305004495a9","hash":"8859dafa6696eb1904fa86602c4c36e9a989fcad"}
,"/home/speira/htdocs/pro/listItem/root/containers/HomeContainer.js": {"path":"/home/speira/htdocs/pro/listItem/root/containers/HomeContainer.js","statementMap":{"0":{"start":{"line":16,"column":40},"end":{"line":16,"column":49}},"1":{"start":{"line":17,"column":20},"end":{"line":17,"column":26}},"2":{"start":{"line":26,"column":65},"end":{"line":26,"column":77}},"3":{"start":{"line":27,"column":28},"end":{"line":27,"column":36}},"4":{"start":{"line":29,"column":4},"end":{"line":29,"column":19}},"5":{"start":{"line":30,"column":39},"end":{"line":30,"column":59}},"6":{"start":{"line":32,"column":19},"end":{"line":43,"column":3}},"7":{"start":{"line":33,"column":4},"end":{"line":42,"column":5}},"8":{"start":{"line":34,"column":20},"end":{"line":34,"column":68}},"9":{"start":{"line":35,"column":6},"end":{"line":35,"column":71}},"10":{"start":{"line":35,"column":33},"end":{"line":35,"column":71}},"11":{"start":{"line":36,"column":22},"end":{"line":36,"column":66}},"12":{"start":{"line":37,"column":23},"end":{"line":37,"column":56}},"13":{"start":{"line":38,"column":6},"end":{"line":38,"column":68}},"14":{"start":{"line":38,"column":27},"end":{"line":38,"column":68}},"15":{"start":{"line":39,"column":6},"end":{"line":39,"column":66}},"16":{"start":{"line":41,"column":6},"end":{"line":41,"column":35}},"17":{"start":{"line":45,"column":22},"end":{"line":52,"column":3}},"18":{"start":{"line":46,"column":24},"end":{"line":46,"column":51}},"19":{"start":{"line":47,"column":4},"end":{"line":47,"column":33}},"20":{"start":{"line":47,"column":22},"end":{"line":47,"column":33}},"21":{"start":{"line":48,"column":18},"end":{"line":48,"column":66}},"22":{"start":{"line":49,"column":4},"end":{"line":51,"column":5}},"23":{"start":{"line":50,"column":6},"end":{"line":50,"column":37}},"24":{"start":{"line":54,"column":25},"end":{"line":56,"column":3}},"25":{"start":{"line":55,"column":11},"end":{"line":55,"column":50}},"26":{"start":{"line":58,"column":2},"end":{"line":60,"column":19}},"27":{"start":{"line":59,"column":4},"end":{"line":59,"column":31}},"28":{"start":{"line":59,"column":21},"end":{"line":59,"column":31}},"29":{"start":{"line":62,"column":2},"end":{"line":64,"column":44}},"30":{"start":{"line":63,"column":4},"end":{"line":63,"column":70}},"31":{"start":{"line":63,"column":48},"end":{"line":63,"column":70}},"32":{"start":{"line":66,"column":2},"end":{"line":82,"column":3}},"33":{"start":{"line":71,"column":12},"end":{"line":71,"column":68}}},"fnMap":{"0":{"name":"HomeContainer","decl":{"start":{"line":25,"column":9},"end":{"line":25,"column":22}},"loc":{"start":{"line":25,"column":25},"end":{"line":83,"column":1}},"line":25},"1":{"name":"(anonymous_1)","decl":{"start":{"line":32,"column":19},"end":{"line":32,"column":20}},"loc":{"start":{"line":32,"column":31},"end":{"line":43,"column":3}},"line":32},"2":{"name":"(anonymous_2)","decl":{"start":{"line":45,"column":22},"end":{"line":45,"column":23}},"loc":{"start":{"line":45,"column":49},"end":{"line":52,"column":3}},"line":45},"3":{"name":"(anonymous_3)","decl":{"start":{"line":55,"column":4},"end":{"line":55,"column":5}},"loc":{"start":{"line":55,"column":11},"end":{"line":55,"column":50}},"line":55},"4":{"name":"(anonymous_4)","decl":{"start":{"line":58,"column":18},"end":{"line":58,"column":19}},"loc":{"start":{"line":58,"column":24},"end":{"line":60,"column":3}},"line":58},"5":{"name":"(anonymous_5)","decl":{"start":{"line":62,"column":18},"end":{"line":62,"column":19}},"loc":{"start":{"line":62,"column":24},"end":{"line":64,"column":3}},"line":62},"6":{"name":"(anonymous_6)","decl":{"start":{"line":70,"column":21},"end":{"line":70,"column":22}},"loc":{"start":{"line":71,"column":12},"end":{"line":71,"column":68}},"line":71}},"branchMap":{"0":{"loc":{"start":{"line":35,"column":6},"end":{"line":35,"column":71}},"type":"if","locations":[{"start":{"line":35,"column":6},"end":{"line":35,"column":71}},{"start":{},"end":{}}],"line":35},"1":{"loc":{"start":{"line":35,"column":10},"end":{"line":35,"column":31}},"type":"binary-expr","locations":[{"start":{"line":35,"column":10},"end":{"line":35,"column":15}},{"start":{"line":35,"column":19},"end":{"line":35,"column":31}}],"line":35},"2":{"loc":{"start":{"line":38,"column":6},"end":{"line":38,"column":68}},"type":"if","locations":[{"start":{"line":38,"column":6},"end":{"line":38,"column":68}},{"start":{},"end":{}}],"line":38},"3":{"loc":{"start":{"line":47,"column":4},"end":{"line":47,"column":33}},"type":"if","locations":[{"start":{"line":47,"column":4},"end":{"line":47,"column":33}},{"start":{},"end":{}}],"line":47},"4":{"loc":{"start":{"line":49,"column":4},"end":{"line":51,"column":5}},"type":"if","locations":[{"start":{"line":49,"column":4},"end":{"line":51,"column":5}},{"start":{},"end":{}}],"line":49},"5":{"loc":{"start":{"line":59,"column":4},"end":{"line":59,"column":31}},"type":"if","locations":[{"start":{"line":59,"column":4},"end":{"line":59,"column":31}},{"start":{},"end":{}}],"line":59},"6":{"loc":{"start":{"line":63,"column":4},"end":{"line":63,"column":70}},"type":"if","locations":[{"start":{"line":63,"column":4},"end":{"line":63,"column":70}},{"start":{},"end":{}}],"line":63},"7":{"loc":{"start":{"line":63,"column":8},"end":{"line":63,"column":46}},"type":"binary-expr","locations":[{"start":{"line":63,"column":8},"end":{"line":63,"column":24}},{"start":{"line":63,"column":28},"end":{"line":63,"column":46}}],"line":63}},"s":{"0":2,"1":2,"2":1,"3":1,"4":1,"5":1,"6":1,"7":0,"8":0,"9":0,"10":0,"11":0,"12":0,"13":0,"14":0,"15":0,"16":0,"17":1,"18":0,"19":0,"20":0,"21":0,"22":0,"23":0,"24":1,"25":0,"26":1,"27":0,"28":0,"29":1,"30":0,"31":0,"32":1,"33":0},"f":{"0":1,"1":0,"2":0,"3":0,"4":0,"5":0,"6":0},"b":{"0":[0,0],"1":[0,0],"2":[0,0],"3":[0,0],"4":[0,0],"5":[0,0],"6":[0,0],"7":[0,0]},"_coverageSchema":"1a1c01bbd47fc00a2c39e90264f33305004495a9","hash":"75eec48014e75b58b004dac53f16c716bfaed930"}
,"/home/speira/htdocs/pro/listItem/root/contexts/APIContext.js": {"path":"/home/speira/htdocs/pro/listItem/root/contexts/APIContext.js","statementMap":{"0":{"start":{"line":6,"column":40},"end":{"line":6,"column":49}},"1":{"start":{"line":8,"column":19},"end":{"line":8,"column":40}},"2":{"start":{"line":26,"column":45},"end":{"line":26,"column":66}},"3":{"start":{"line":28,"column":24},"end":{"line":57,"column":3}},"4":{"start":{"line":29,"column":14},"end":{"line":29,"column":32}},"5":{"start":{"line":30,"column":20},"end":{"line":30,"column":24}},"6":{"start":{"line":31,"column":25},"end":{"line":31,"column":27}},"7":{"start":{"line":32,"column":4},"end":{"line":33,"column":61}},"8":{"start":{"line":33,"column":6},"end":{"line":33,"column":61}},"9":{"start":{"line":34,"column":4},"end":{"line":34,"column":61}},"10":{"start":{"line":34,"column":24},"end":{"line":34,"column":61}},"11":{"start":{"line":35,"column":4},"end":{"line":39,"column":5}},"12":{"start":{"line":36,"column":25},"end":{"line":36,"column":46}},"13":{"start":{"line":37,"column":6},"end":{"line":37,"column":71}},"14":{"start":{"line":37,"column":35},"end":{"line":37,"column":53}},"15":{"start":{"line":38,"column":6},"end":{"line":38,"column":45}},"16":{"start":{"line":40,"column":4},"end":{"line":56,"column":6}},"17":{"start":{"line":41,"column":6},"end":{"line":55,"column":7}},"18":{"start":{"line":42,"column":8},"end":{"line":52,"column":12}},"19":{"start":{"line":45,"column":12},"end":{"line":47,"column":13}},"20":{"start":{"line":46,"column":14},"end":{"line":46,"column":65}},"21":{"start":{"line":48,"column":12},"end":{"line":48,"column":34}},"22":{"start":{"line":51,"column":12},"end":{"line":51,"column":23}},"23":{"start":{"line":54,"column":8},"end":{"line":54,"column":19}},"24":{"start":{"line":59,"column":16},"end":{"line":62,"column":3}},"25":{"start":{"line":64,"column":2},"end":{"line":64,"column":57}},"26":{"start":{"line":72,"column":22},"end":{"line":76,"column":1}},"27":{"start":{"line":73,"column":18},"end":{"line":73,"column":46}},"28":{"start":{"line":74,"column":2},"end":{"line":74,"column":75}},"29":{"start":{"line":74,"column":16},"end":{"line":74,"column":75}},"30":{"start":{"line":75,"column":2},"end":{"line":75,"column":16}}},"fnMap":{"0":{"name":"APIProvider","decl":{"start":{"line":25,"column":9},"end":{"line":25,"column":20}},"loc":{"start":{"line":25,"column":28},"end":{"line":65,"column":1}},"line":25},"1":{"name":"(anonymous_1)","decl":{"start":{"line":28,"column":24},"end":{"line":28,"column":25}},"loc":{"start":{"line":28,"column":42},"end":{"line":57,"column":3}},"line":28},"2":{"name":"(anonymous_2)","decl":{"start":{"line":37,"column":29},"end":{"line":37,"column":30}},"loc":{"start":{"line":37,"column":35},"end":{"line":37,"column":53}},"line":37},"3":{"name":"(anonymous_3)","decl":{"start":{"line":40,"column":23},"end":{"line":40,"column":24}},"loc":{"start":{"line":40,"column":44},"end":{"line":56,"column":5}},"line":40},"4":{"name":"(anonymous_4)","decl":{"start":{"line":44,"column":16},"end":{"line":44,"column":17}},"loc":{"start":{"line":44,"column":30},"end":{"line":49,"column":11}},"line":44},"5":{"name":"(anonymous_5)","decl":{"start":{"line":50,"column":17},"end":{"line":50,"column":18}},"loc":{"start":{"line":50,"column":26},"end":{"line":52,"column":11}},"line":50},"6":{"name":"(anonymous_6)","decl":{"start":{"line":72,"column":22},"end":{"line":72,"column":23}},"loc":{"start":{"line":72,"column":28},"end":{"line":76,"column":1}},"line":72}},"branchMap":{"0":{"loc":{"start":{"line":28,"column":25},"end":{"line":28,"column":37}},"type":"default-arg","locations":[{"start":{"line":28,"column":35},"end":{"line":28,"column":37}}],"line":28},"1":{"loc":{"start":{"line":32,"column":4},"end":{"line":33,"column":61}},"type":"if","locations":[{"start":{"line":32,"column":4},"end":{"line":33,"column":61}},{"start":{},"end":{}}],"line":32},"2":{"loc":{"start":{"line":34,"column":4},"end":{"line":34,"column":61}},"type":"if","locations":[{"start":{"line":34,"column":4},"end":{"line":34,"column":61}},{"start":{},"end":{}}],"line":34},"3":{"loc":{"start":{"line":35,"column":4},"end":{"line":39,"column":5}},"type":"if","locations":[{"start":{"line":35,"column":4},"end":{"line":39,"column":5}},{"start":{},"end":{}}],"line":35},"4":{"loc":{"start":{"line":45,"column":12},"end":{"line":47,"column":13}},"type":"if","locations":[{"start":{"line":45,"column":12},"end":{"line":47,"column":13}},{"start":{},"end":{}}],"line":45},"5":{"loc":{"start":{"line":45,"column":18},"end":{"line":45,"column":55}},"type":"binary-expr","locations":[{"start":{"line":45,"column":18},"end":{"line":45,"column":31}},{"start":{"line":45,"column":35},"end":{"line":45,"column":55}}],"line":45},"6":{"loc":{"start":{"line":74,"column":2},"end":{"line":74,"column":75}},"type":"if","locations":[{"start":{"line":74,"column":2},"end":{"line":74,"column":75}},{"start":{},"end":{}}],"line":74}},"s":{"0":2,"1":2,"2":0,"3":0,"4":0,"5":0,"6":0,"7":0,"8":0,"9":0,"10":0,"11":0,"12":0,"13":0,"14":0,"15":0,"16":0,"17":0,"18":0,"19":0,"20":0,"21":0,"22":0,"23":0,"24":0,"25":0,"26":2,"27":0,"28":0,"29":0,"30":0},"f":{"0":0,"1":0,"2":0,"3":0,"4":0,"5":0,"6":0},"b":{"0":[0],"1":[0,0],"2":[0,0],"3":[0,0],"4":[0,0],"5":[0,0],"6":[0,0]},"_coverageSchema":"1a1c01bbd47fc00a2c39e90264f33305004495a9","hash":"033048782afa2be20063f1096c4825672868aa95"}
,"/home/speira/htdocs/pro/listItem/root/contexts/StorageContext.js": {"path":"/home/speira/htdocs/pro/listItem/root/contexts/StorageContext.js","statementMap":{"0":{"start":{"line":7,"column":55},"end":{"line":7,"column":64}},"1":{"start":{"line":8,"column":23},"end":{"line":8,"column":44}},"2":{"start":{"line":10,"column":18},"end":{"line":10,"column":29}},"3":{"start":{"line":22,"column":22},"end":{"line":22,"column":42}},"4":{"start":{"line":23,"column":42},"end":{"line":23,"column":63}},"5":{"start":{"line":24,"column":44},"end":{"line":24,"column":62}},"6":{"start":{"line":25,"column":25},"end":{"line":45,"column":3}},"7":{"start":{"line":26,"column":4},"end":{"line":44,"column":5}},"8":{"start":{"line":27,"column":21},"end":{"line":31,"column":7}},"9":{"start":{"line":32,"column":6},"end":{"line":32,"column":19}},"10":{"start":{"line":33,"column":20},"end":{"line":34,"column":57}},"11":{"start":{"line":35,"column":6},"end":{"line":40,"column":7}},"12":{"start":{"line":36,"column":8},"end":{"line":39,"column":10}},"13":{"start":{"line":37,"column":10},"end":{"line":37,"column":30}},"14":{"start":{"line":38,"column":10},"end":{"line":38,"column":32}},"15":{"start":{"line":42,"column":6},"end":{"line":42,"column":27}},"16":{"start":{"line":43,"column":6},"end":{"line":43,"column":28}},"17":{"start":{"line":47,"column":16},"end":{"line":97,"column":3}},"18":{"start":{"line":50,"column":20},"end":{"line":50,"column":37}},"19":{"start":{"line":51,"column":20},"end":{"line":51,"column":37}},"20":{"start":{"line":52,"column":6},"end":{"line":67,"column":8}},"21":{"start":{"line":53,"column":8},"end":{"line":53,"column":55}},"22":{"start":{"line":53,"column":27},"end":{"line":53,"column":55}},"23":{"start":{"line":55,"column":8},"end":{"line":55,"column":61}},"24":{"start":{"line":55,"column":17},"end":{"line":55,"column":61}},"25":{"start":{"line":56,"column":8},"end":{"line":66,"column":9}},"26":{"start":{"line":57,"column":24},"end":{"line":57,"column":91}},"27":{"start":{"line":58,"column":28},"end":{"line":58,"column":75}},"28":{"start":{"line":58,"column":48},"end":{"line":58,"column":75}},"29":{"start":{"line":59,"column":26},"end":{"line":59,"column":54}},"30":{"start":{"line":59,"column":43},"end":{"line":59,"column":54}},"31":{"start":{"line":60,"column":10},"end":{"line":62,"column":11}},"32":{"start":{"line":61,"column":12},"end":{"line":61,"column":56}},"33":{"start":{"line":64,"column":10},"end":{"line":64,"column":26}},"34":{"start":{"line":65,"column":10},"end":{"line":65,"column":21}},"35":{"start":{"line":70,"column":6},"end":{"line":86,"column":8}},"36":{"start":{"line":71,"column":8},"end":{"line":71,"column":55}},"37":{"start":{"line":71,"column":27},"end":{"line":71,"column":55}},"38":{"start":{"line":72,"column":8},"end":{"line":72,"column":61}},"39":{"start":{"line":72,"column":17},"end":{"line":72,"column":61}},"40":{"start":{"line":73,"column":8},"end":{"line":73,"column":67}},"41":{"start":{"line":73,"column":27},"end":{"line":73,"column":67}},"42":{"start":{"line":74,"column":8},"end":{"line":85,"column":9}},"43":{"start":{"line":76,"column":12},"end":{"line":77,"column":77}},"44":{"start":{"line":77,"column":29},"end":{"line":77,"column":66}},"45":{"start":{"line":78,"column":28},"end":{"line":78,"column":75}},"46":{"start":{"line":78,"column":48},"end":{"line":78,"column":75}},"47":{"start":{"line":79,"column":26},"end":{"line":79,"column":54}},"48":{"start":{"line":79,"column":43},"end":{"line":79,"column":54}},"49":{"start":{"line":80,"column":10},"end":{"line":82,"column":11}},"50":{"start":{"line":81,"column":12},"end":{"line":81,"column":56}},"51":{"start":{"line":84,"column":10},"end":{"line":84,"column":21}},"52":{"start":{"line":89,"column":6},"end":{"line":89,"column":46}},"53":{"start":{"line":89,"column":15},"end":{"line":89,"column":46}},"54":{"start":{"line":90,"column":20},"end":{"line":90,"column":45}},"55":{"start":{"line":91,"column":24},"end":{"line":93,"column":7}},"56":{"start":{"line":92,"column":8},"end":{"line":92,"column":35}},"57":{"start":{"line":94,"column":22},"end":{"line":94,"column":50}},"58":{"start":{"line":94,"column":39},"end":{"line":94,"column":50}},"59":{"start":{"line":95,"column":6},"end":{"line":95,"column":74}},"60":{"start":{"line":95,"column":29},"end":{"line":95,"column":73}},"61":{"start":{"line":99,"column":2},"end":{"line":102,"column":8}},"62":{"start":{"line":100,"column":4},"end":{"line":100,"column":20}},"63":{"start":{"line":101,"column":4},"end":{"line":101,"column":33}},"64":{"start":{"line":101,"column":17},"end":{"line":101,"column":33}},"65":{"start":{"line":104,"column":2},"end":{"line":106,"column":3}},"66":{"start":{"line":108,"column":0},"end":{"line":110,"column":1}},"67":{"start":{"line":116,"column":26},"end":{"line":121,"column":1}},"68":{"start":{"line":117,"column":18},"end":{"line":117,"column":50}},"69":{"start":{"line":118,"column":2},"end":{"line":119,"column":71}},"70":{"start":{"line":119,"column":4},"end":{"line":119,"column":71}},"71":{"start":{"line":120,"column":2},"end":{"line":120,"column":16}}},"fnMap":{"0":{"name":"StorageProvider","decl":{"start":{"line":21,"column":9},"end":{"line":21,"column":24}},"loc":{"start":{"line":21,"column":39},"end":{"line":107,"column":1}},"line":21},"1":{"name":"(anonymous_1)","decl":{"start":{"line":25,"column":25},"end":{"line":25,"column":26}},"loc":{"start":{"line":25,"column":37},"end":{"line":45,"column":3}},"line":25},"2":{"name":"(anonymous_2)","decl":{"start":{"line":35,"column":25},"end":{"line":35,"column":26}},"loc":{"start":{"line":36,"column":8},"end":{"line":39,"column":10}},"line":36},"3":{"name":"(anonymous_3)","decl":{"start":{"line":36,"column":33},"end":{"line":36,"column":34}},"loc":{"start":{"line":36,"column":39},"end":{"line":39,"column":9}},"line":36},"4":{"name":"(anonymous_4)","decl":{"start":{"line":49,"column":4},"end":{"line":49,"column":5}},"loc":{"start":{"line":49,"column":35},"end":{"line":68,"column":5}},"line":49},"5":{"name":"(anonymous_5)","decl":{"start":{"line":52,"column":25},"end":{"line":52,"column":26}},"loc":{"start":{"line":52,"column":52},"end":{"line":67,"column":7}},"line":52},"6":{"name":"(anonymous_6)","decl":{"start":{"line":58,"column":28},"end":{"line":58,"column":29}},"loc":{"start":{"line":58,"column":48},"end":{"line":58,"column":75}},"line":58},"7":{"name":"(anonymous_7)","decl":{"start":{"line":59,"column":26},"end":{"line":59,"column":27}},"loc":{"start":{"line":59,"column":43},"end":{"line":59,"column":54}},"line":59},"8":{"name":"(anonymous_8)","decl":{"start":{"line":60,"column":35},"end":{"line":60,"column":36}},"loc":{"start":{"line":61,"column":12},"end":{"line":61,"column":56}},"line":61},"9":{"name":"(anonymous_9)","decl":{"start":{"line":69,"column":4},"end":{"line":69,"column":5}},"loc":{"start":{"line":69,"column":30},"end":{"line":87,"column":5}},"line":69},"10":{"name":"(anonymous_10)","decl":{"start":{"line":70,"column":25},"end":{"line":70,"column":26}},"loc":{"start":{"line":70,"column":52},"end":{"line":86,"column":7}},"line":70},"11":{"name":"(anonymous_11)","decl":{"start":{"line":77,"column":22},"end":{"line":77,"column":23}},"loc":{"start":{"line":77,"column":29},"end":{"line":77,"column":66}},"line":77},"12":{"name":"(anonymous_12)","decl":{"start":{"line":78,"column":28},"end":{"line":78,"column":29}},"loc":{"start":{"line":78,"column":48},"end":{"line":78,"column":75}},"line":78},"13":{"name":"(anonymous_13)","decl":{"start":{"line":79,"column":26},"end":{"line":79,"column":27}},"loc":{"start":{"line":79,"column":43},"end":{"line":79,"column":54}},"line":79},"14":{"name":"(anonymous_14)","decl":{"start":{"line":80,"column":31},"end":{"line":80,"column":32}},"loc":{"start":{"line":81,"column":12},"end":{"line":81,"column":56}},"line":81},"15":{"name":"(anonymous_15)","decl":{"start":{"line":88,"column":4},"end":{"line":88,"column":5}},"loc":{"start":{"line":88,"column":24},"end":{"line":96,"column":5}},"line":88},"16":{"name":"(anonymous_16)","decl":{"start":{"line":91,"column":24},"end":{"line":91,"column":25}},"loc":{"start":{"line":91,"column":44},"end":{"line":93,"column":7}},"line":91},"17":{"name":"(anonymous_17)","decl":{"start":{"line":94,"column":22},"end":{"line":94,"column":23}},"loc":{"start":{"line":94,"column":39},"end":{"line":94,"column":50}},"line":94},"18":{"name":"(anonymous_18)","decl":{"start":{"line":95,"column":21},"end":{"line":95,"column":22}},"loc":{"start":{"line":95,"column":29},"end":{"line":95,"column":73}},"line":95},"19":{"name":"(anonymous_19)","decl":{"start":{"line":99,"column":18},"end":{"line":99,"column":19}},"loc":{"start":{"line":99,"column":24},"end":{"line":102,"column":3}},"line":99},"20":{"name":"(anonymous_20)","decl":{"start":{"line":101,"column":11},"end":{"line":101,"column":12}},"loc":{"start":{"line":101,"column":17},"end":{"line":101,"column":33}},"line":101},"21":{"name":"(anonymous_21)","decl":{"start":{"line":116,"column":26},"end":{"line":116,"column":27}},"loc":{"start":{"line":116,"column":32},"end":{"line":121,"column":1}},"line":116}},"branchMap":{"0":{"loc":{"start":{"line":49,"column":22},"end":{"line":49,"column":33}},"type":"default-arg","locations":[{"start":{"line":49,"column":31},"end":{"line":49,"column":33}}],"line":49},"1":{"loc":{"start":{"line":50,"column":20},"end":{"line":50,"column":37}},"type":"binary-expr","locations":[{"start":{"line":50,"column":20},"end":{"line":50,"column":32}},{"start":{"line":50,"column":36},"end":{"line":50,"column":37}}],"line":50},"2":{"loc":{"start":{"line":51,"column":20},"end":{"line":51,"column":37}},"type":"binary-expr","locations":[{"start":{"line":51,"column":20},"end":{"line":51,"column":32}},{"start":{"line":51,"column":36},"end":{"line":51,"column":37}}],"line":51},"3":{"loc":{"start":{"line":53,"column":8},"end":{"line":53,"column":55}},"type":"if","locations":[{"start":{"line":53,"column":8},"end":{"line":53,"column":55}},{"start":{},"end":{}}],"line":53},"4":{"loc":{"start":{"line":55,"column":8},"end":{"line":55,"column":61}},"type":"if","locations":[{"start":{"line":55,"column":8},"end":{"line":55,"column":61}},{"start":{},"end":{}}],"line":55},"5":{"loc":{"start":{"line":71,"column":8},"end":{"line":71,"column":55}},"type":"if","locations":[{"start":{"line":71,"column":8},"end":{"line":71,"column":55}},{"start":{},"end":{}}],"line":71},"6":{"loc":{"start":{"line":72,"column":8},"end":{"line":72,"column":61}},"type":"if","locations":[{"start":{"line":72,"column":8},"end":{"line":72,"column":61}},{"start":{},"end":{}}],"line":72},"7":{"loc":{"start":{"line":73,"column":8},"end":{"line":73,"column":67}},"type":"if","locations":[{"start":{"line":73,"column":8},"end":{"line":73,"column":67}},{"start":{},"end":{}}],"line":73},"8":{"loc":{"start":{"line":89,"column":6},"end":{"line":89,"column":46}},"type":"if","locations":[{"start":{"line":89,"column":6},"end":{"line":89,"column":46}},{"start":{},"end":{}}],"line":89},"9":{"loc":{"start":{"line":101,"column":17},"end":{"line":101,"column":33}},"type":"binary-expr","locations":[{"start":{"line":101,"column":17},"end":{"line":101,"column":19}},{"start":{"line":101,"column":23},"end":{"line":101,"column":33}}],"line":101},"10":{"loc":{"start":{"line":118,"column":2},"end":{"line":119,"column":71}},"type":"if","locations":[{"start":{"line":118,"column":2},"end":{"line":119,"column":71}},{"start":{},"end":{}}],"line":118}},"s":{"0":2,"1":2,"2":2,"3":0,"4":0,"5":0,"6":0,"7":0,"8":0,"9":0,"10":0,"11":0,"12":0,"13":0,"14":0,"15":0,"16":0,"17":0,"18":0,"19":0,"20":0,"21":0,"22":0,"23":0,"24":0,"25":0,"26":0,"27":0,"28":0,"29":0,"30":0,"31":0,"32":0,"33":0,"34":0,"35":0,"36":0,"37":0,"38":0,"39":0,"40":0,"41":0,"42":0,"43":0,"44":0,"45":0,"46":0,"47":0,"48":0,"49":0,"50":0,"51":0,"52":0,"53":0,"54":0,"55":0,"56":0,"57":0,"58":0,"59":0,"60":0,"61":0,"62":0,"63":0,"64":0,"65":0,"66":2,"67":2,"68":0,"69":0,"70":0,"71":0},"f":{"0":0,"1":0,"2":0,"3":0,"4":0,"5":0,"6":0,"7":0,"8":0,"9":0,"10":0,"11":0,"12":0,"13":0,"14":0,"15":0,"16":0,"17":0,"18":0,"19":0,"20":0,"21":0},"b":{"0":[0],"1":[0,0],"2":[0,0],"3":[0,0],"4":[0,0],"5":[0,0],"6":[0,0],"7":[0,0],"8":[0,0],"9":[0,0],"10":[0,0]},"_coverageSchema":"1a1c01bbd47fc00a2c39e90264f33305004495a9","hash":"b0d5556e304ba8895282ecfa327a09fea107bcd6"}
,"/home/speira/htdocs/pro/listItem/root/contexts/ThemeContext.js": {"path":"/home/speira/htdocs/pro/listItem/root/contexts/ThemeContext.js","statementMap":{"0":{"start":{"line":7,"column":21},"end":{"line":7,"column":42}},"1":{"start":{"line":8,"column":15},"end":{"line":8,"column":31}},"2":{"start":{"line":9,"column":21},"end":{"line":9,"column":50}},"3":{"start":{"line":10,"column":40},"end":{"line":10,"column":65}},"4":{"start":{"line":12,"column":32},"end":{"line":14,"column":37}},"5":{"start":{"line":14,"column":17},"end":{"line":14,"column":36}},"6":{"start":{"line":26,"column":25},"end":{"line":26,"column":59}},"7":{"start":{"line":27,"column":22},"end":{"line":27,"column":62}},"8":{"start":{"line":28,"column":28},"end":{"line":28,"column":71}},"9":{"start":{"line":29,"column":16},"end":{"line":35,"column":3}},"10":{"start":{"line":32,"column":6},"end":{"line":32,"column":28}},"11":{"start":{"line":33,"column":6},"end":{"line":33,"column":57}},"12":{"start":{"line":36,"column":2},"end":{"line":40,"column":3}},"13":{"start":{"line":48,"column":24},"end":{"line":52,"column":1}},"14":{"start":{"line":49,"column":18},"end":{"line":49,"column":48}},"15":{"start":{"line":50,"column":2},"end":{"line":50,"column":79}},"16":{"start":{"line":50,"column":16},"end":{"line":50,"column":79}},"17":{"start":{"line":51,"column":2},"end":{"line":51,"column":16}}},"fnMap":{"0":{"name":"(anonymous_0)","decl":{"start":{"line":14,"column":6},"end":{"line":14,"column":7}},"loc":{"start":{"line":14,"column":17},"end":{"line":14,"column":36}},"line":14},"1":{"name":"ThemeProvider","decl":{"start":{"line":25,"column":9},"end":{"line":25,"column":22}},"loc":{"start":{"line":25,"column":30},"end":{"line":41,"column":1}},"line":25},"2":{"name":"(anonymous_2)","decl":{"start":{"line":31,"column":4},"end":{"line":31,"column":5}},"loc":{"start":{"line":31,"column":22},"end":{"line":34,"column":5}},"line":31},"3":{"name":"(anonymous_3)","decl":{"start":{"line":48,"column":24},"end":{"line":48,"column":25}},"loc":{"start":{"line":48,"column":30},"end":{"line":52,"column":1}},"line":48}},"branchMap":{"0":{"loc":{"start":{"line":27,"column":22},"end":{"line":27,"column":62}},"type":"binary-expr","locations":[{"start":{"line":27,"column":22},"end":{"line":27,"column":36}},{"start":{"line":27,"column":40},"end":{"line":27,"column":62}}],"line":27},"1":{"loc":{"start":{"line":28,"column":43},"end":{"line":28,"column":70}},"type":"binary-expr","locations":[{"start":{"line":28,"column":43},"end":{"line":28,"column":54}},{"start":{"line":28,"column":58},"end":{"line":28,"column":70}}],"line":28},"2":{"loc":{"start":{"line":50,"column":2},"end":{"line":50,"column":79}},"type":"if","locations":[{"start":{"line":50,"column":2},"end":{"line":50,"column":79}},{"start":{},"end":{}}],"line":50}},"s":{"0":8,"1":8,"2":8,"3":8,"4":8,"5":16,"6":0,"7":0,"8":0,"9":0,"10":0,"11":0,"12":0,"13":8,"14":0,"15":0,"16":0,"17":0},"f":{"0":16,"1":0,"2":0,"3":0},"b":{"0":[0,0],"1":[0,0],"2":[0,0]},"_coverageSchema":"1a1c01bbd47fc00a2c39e90264f33305004495a9","hash":"bebf970c87ddf501553605f2d0457571bbed4484"}
,"/home/speira/htdocs/pro/listItem/root/contexts/index.js": {"path":"/home/speira/htdocs/pro/listItem/root/contexts/index.js","statementMap":{"0":{"start":{"line":15,"column":2},"end":{"line":23,"column":3}},"1":{"start":{"line":26,"column":0},"end":{"line":28,"column":1}}},"fnMap":{"0":{"name":"Contexts","decl":{"start":{"line":14,"column":9},"end":{"line":14,"column":17}},"loc":{"start":{"line":14,"column":32},"end":{"line":24,"column":1}},"line":14}},"branchMap":{},"s":{"0":0,"1":1},"f":{"0":0},"b":{},"_coverageSchema":"1a1c01bbd47fc00a2c39e90264f33305004495a9","hash":"4e9f972ca7959a79faf32d8cf56c6a6501e4464e"}
,"/home/speira/htdocs/pro/listItem/root/hooks/index.js": {"path":"/home/speira/htdocs/pro/listItem/root/hooks/index.js","statementMap":{},"fnMap":{},"branchMap":{},"s":{},"f":{},"b":{},"_coverageSchema":"1a1c01bbd47fc00a2c39e90264f33305004495a9","hash":"5d82975b493539ef11c367381f3c02660cdc061d"}
,"/home/speira/htdocs/pro/listItem/root/hooks/useCardInfos.js": {"path":"/home/speira/htdocs/pro/listItem/root/hooks/useCardInfos.js","statementMap":{"0":{"start":{"line":8,"column":21},"end":{"line":28,"column":1}},"1":{"start":{"line":9,"column":2},"end":{"line":27,"column":3}},"2":{"start":{"line":11,"column":6},"end":{"line":16,"column":7}},"3":{"start":{"line":18,"column":6},"end":{"line":24,"column":7}},"4":{"start":{"line":22,"column":25},"end":{"line":22,"column":59}},"5":{"start":{"line":26,"column":6},"end":{"line":26,"column":18}},"6":{"start":{"line":37,"column":28},"end":{"line":41,"column":4}},"7":{"start":{"line":43,"column":21},"end":{"line":45,"column":3}},"8":{"start":{"line":44,"column":4},"end":{"line":44,"column":46}},"9":{"start":{"line":46,"column":21},"end":{"line":46,"column":72}},"10":{"start":{"line":46,"column":32},"end":{"line":46,"column":72}},"11":{"start":{"line":48,"column":2},"end":{"line":63,"column":3}},"12":{"start":{"line":49,"column":11},"end":{"line":61,"column":5}},"13":{"start":{"line":54,"column":33},"end":{"line":54,"column":36}},"14":{"start":{"line":55,"column":8},"end":{"line":58,"column":9}},"15":{"start":{"line":56,"column":22},"end":{"line":56,"column":71}},"16":{"start":{"line":57,"column":10},"end":{"line":57,"column":25}},"17":{"start":{"line":59,"column":8},"end":{"line":59,"column":36}},"18":{"start":{"line":59,"column":19},"end":{"line":59,"column":36}}},"fnMap":{"0":{"name":"(anonymous_0)","decl":{"start":{"line":8,"column":21},"end":{"line":8,"column":22}},"loc":{"start":{"line":8,"column":40},"end":{"line":28,"column":1}},"line":8},"1":{"name":"(anonymous_1)","decl":{"start":{"line":22,"column":18},"end":{"line":22,"column":19}},"loc":{"start":{"line":22,"column":25},"end":{"line":22,"column":59}},"line":22},"2":{"name":"useCardsInfos","decl":{"start":{"line":36,"column":9},"end":{"line":36,"column":22}},"loc":{"start":{"line":36,"column":25},"end":{"line":64,"column":1}},"line":36},"3":{"name":"(anonymous_3)","decl":{"start":{"line":43,"column":21},"end":{"line":43,"column":22}},"loc":{"start":{"line":43,"column":32},"end":{"line":45,"column":3}},"line":43},"4":{"name":"(anonymous_4)","decl":{"start":{"line":46,"column":21},"end":{"line":46,"column":22}},"loc":{"start":{"line":46,"column":32},"end":{"line":46,"column":72}},"line":46},"5":{"name":"(anonymous_5)","decl":{"start":{"line":49,"column":4},"end":{"line":49,"column":5}},"loc":{"start":{"line":49,"column":11},"end":{"line":61,"column":5}},"line":49},"6":{"name":"(anonymous_6)","decl":{"start":{"line":53,"column":6},"end":{"line":53,"column":7}},"loc":{"start":{"line":53,"column":30},"end":{"line":60,"column":7}},"line":53}},"branchMap":{"0":{"loc":{"start":{"line":9,"column":2},"end":{"line":27,"column":3}},"type":"switch","locations":[{"start":{"line":10,"column":4},"end":{"line":16,"column":7}},{"start":{"line":17,"column":4},"end":{"line":24,"column":7}},{"start":{"line":25,"column":4},"end":{"line":26,"column":18}}],"line":9},"1":{"loc":{"start":{"line":53,"column":20},"end":{"line":53,"column":28}},"type":"default-arg","locations":[{"start":{"line":53,"column":26},"end":{"line":53,"column":28}}],"line":53},"2":{"loc":{"start":{"line":55,"column":8},"end":{"line":58,"column":9}},"type":"if","locations":[{"start":{"line":55,"column":8},"end":{"line":58,"column":9}},{"start":{},"end":{}}],"line":55},"3":{"loc":{"start":{"line":56,"column":22},"end":{"line":56,"column":71}},"type":"cond-expr","locations":[{"start":{"line":56,"column":47},"end":{"line":56,"column":52}},{"start":{"line":56,"column":55},"end":{"line":56,"column":71}}],"line":56},"4":{"loc":{"start":{"line":59,"column":8},"end":{"line":59,"column":36}},"type":"if","locations":[{"start":{"line":59,"column":8},"end":{"line":59,"column":36}},{"start":{},"end":{}}],"line":59}},"s":{"0":2,"1":0,"2":0,"3":0,"4":0,"5":0,"6":1,"7":1,"8":0,"9":1,"10":0,"11":1,"12":1,"13":0,"14":0,"15":0,"16":0,"17":0,"18":0},"f":{"0":0,"1":0,"2":1,"3":0,"4":0,"5":1,"6":0},"b":{"0":[0,0,0],"1":[0],"2":[0,0],"3":[0,0],"4":[0,0]},"_coverageSchema":"1a1c01bbd47fc00a2c39e90264f33305004495a9","hash":"5bf7fc3a7cb3c3af89054d8c34663bf2eaf4c546"}
,"/home/speira/htdocs/pro/listItem/root/utils/constants/index.js": {"path":"/home/speira/htdocs/pro/listItem/root/utils/constants/index.js","statementMap":{},"fnMap":{},"branchMap":{},"s":{},"f":{},"b":{},"_coverageSchema":"1a1c01bbd47fc00a2c39e90264f33305004495a9","hash":"25dacb168ae01bfbc159dfe7e085adb43b0158d6"}
,"/home/speira/htdocs/pro/listItem/root/utils/functions/index.js": {"path":"/home/speira/htdocs/pro/listItem/root/utils/functions/index.js","statementMap":{"0":{"start":{"line":10,"column":2},"end":{"line":10,"column":16}},"1":{"start":{"line":23,"column":30},"end":{"line":28,"column":1}},"2":{"start":{"line":24,"column":60},"end":{"line":24,"column":71}},"3":{"start":{"line":26,"column":4},"end":{"line":26,"column":73}},"4":{"start":{"line":27,"column":2},"end":{"line":27,"column":14}}},"fnMap":{"0":{"name":"(anonymous_0)","decl":{"start":{"line":9,"column":15},"end":{"line":9,"column":16}},"loc":{"start":{"line":9,"column":39},"end":{"line":11,"column":1}},"line":9},"1":{"name":"(anonymous_1)","decl":{"start":{"line":23,"column":30},"end":{"line":23,"column":31}},"loc":{"start":{"line":23,"column":47},"end":{"line":28,"column":1}},"line":23}},"branchMap":{"0":{"loc":{"start":{"line":9,"column":25},"end":{"line":9,"column":37}},"type":"default-arg","locations":[{"start":{"line":9,"column":35},"end":{"line":9,"column":37}}],"line":9}},"s":{"0":0,"1":2,"2":0,"3":0,"4":0},"f":{"0":0,"1":0},"b":{"0":[0]},"_coverageSchema":"1a1c01bbd47fc00a2c39e90264f33305004495a9","hash":"cc79d81cfe6de08a9e416e7d28293e4a5b9502ff"}
,"/home/speira/htdocs/pro/listItem/root/utils/functions/decorators/index.js": {"path":"/home/speira/htdocs/pro/listItem/root/utils/functions/decorators/index.js","statementMap":{"0":{"start":{"line":7,"column":25},"end":{"line":7,"column":67}},"1":{"start":{"line":7,"column":36},"end":{"line":7,"column":67}},"2":{"start":{"line":7,"column":48},"end":{"line":7,"column":67}},"3":{"start":{"line":15,"column":26},"end":{"line":21,"column":1}},"4":{"start":{"line":15,"column":38},"end":{"line":21,"column":1}},"5":{"start":{"line":16,"column":14},"end":{"line":19,"column":3}},"6":{"start":{"line":17,"column":25},"end":{"line":17,"column":77}},"7":{"start":{"line":20,"column":2},"end":{"line":20,"column":12}}},"fnMap":{"0":{"name":"(anonymous_0)","decl":{"start":{"line":7,"column":25},"end":{"line":7,"column":26}},"loc":{"start":{"line":7,"column":36},"end":{"line":7,"column":67}},"line":7},"1":{"name":"(anonymous_1)","decl":{"start":{"line":7,"column":36},"end":{"line":7,"column":37}},"loc":{"start":{"line":7,"column":48},"end":{"line":7,"column":67}},"line":7},"2":{"name":"(anonymous_2)","decl":{"start":{"line":15,"column":26},"end":{"line":15,"column":27}},"loc":{"start":{"line":15,"column":38},"end":{"line":21,"column":1}},"line":15},"3":{"name":"(anonymous_3)","decl":{"start":{"line":15,"column":38},"end":{"line":15,"column":39}},"loc":{"start":{"line":15,"column":47},"end":{"line":21,"column":1}},"line":15},"4":{"name":"(anonymous_4)","decl":{"start":{"line":17,"column":4},"end":{"line":17,"column":5}},"loc":{"start":{"line":17,"column":25},"end":{"line":17,"column":77}},"line":17}},"branchMap":{"0":{"loc":{"start":{"line":17,"column":34},"end":{"line":17,"column":56}},"type":"cond-expr","locations":[{"start":{"line":17,"column":48},"end":{"line":17,"column":51}},{"start":{"line":17,"column":54},"end":{"line":17,"column":56}}],"line":17}},"s":{"0":2,"1":0,"2":0,"3":2,"4":0,"5":0,"6":0,"7":0},"f":{"0":0,"1":0,"2":0,"3":0,"4":0},"b":{"0":[0,0]},"_coverageSchema":"1a1c01bbd47fc00a2c39e90264f33305004495a9","hash":"1bdddabccfddb1cbab110a232150f44e355f166d"}
}
