TN:
SF:root/index.js
FN:11,Root
FNF:1
FNH:1
FNDA:1,Root
DA:12,1
LF:1
LH:1
BRF:0
BRH:0
end_of_record
TN:
SF:root/components/Button/index.js
FN:13,Button
FN:25,(anonymous_1)
FNF:2
FNH:1
FNDA:1,Button
FNDA:0,(anonymous_1)
DA:6,3
DA:14,1
DA:15,1
DA:23,3
DA:25,0
DA:28,3
LF:6
LH:5
BRDA:15,0,0,0
BRDA:15,0,1,1
BRF:2
BRH:1
end_of_record
TN:
SF:root/components/Button/style.js
FN:10,(anonymous_0)
FN:29,(anonymous_1)
FNF:2
FNH:0
FNDA:0,(anonymous_0)
FNDA:0,(anonymous_1)
DA:9,3
DA:10,0
DA:18,3
DA:27,3
DA:29,0
LF:5
LH:3
BRF:0
BRH:0
end_of_record
TN:
SF:root/components/Card/index.js
FN:18,Card
FNF:1
FNH:1
FNDA:1,Card
DA:19,1
DA:20,1
DA:36,3
DA:40,3
LF:4
LH:4
BRF:0
BRH:0
end_of_record
TN:
SF:root/components/Card/style.js
FN:49,(anonymous_0)
FN:60,(anonymous_1)
FN:64,(anonymous_2)
FNF:3
FNH:0
FNDA:0,(anonymous_0)
FNDA:0,(anonymous_1)
FNDA:0,(anonymous_2)
DA:9,3
DA:19,3
DA:30,3
DA:39,3
DA:48,3
DA:49,0
DA:57,3
DA:60,0
DA:64,0
LF:9
LH:6
BRF:0
BRH:0
end_of_record
TN:
SF:root/components/CardWrapper/index.js
FN:10,CardWrapper
FN:24,(anonymous_1)
FNF:2
FNH:1
FNDA:1,CardWrapper
FNDA:0,(anonymous_1)
DA:11,1
DA:13,1
DA:21,3
DA:24,0
DA:26,3
LF:5
LH:4
BRF:0
BRH:0
end_of_record
TN:
SF:root/components/CardWrapper/style.js
FN:13,(anonymous_0)
FN:21,(anonymous_1)
FN:33,(anonymous_2)
FN:43,(anonymous_3)
FNF:4
FNH:0
FNDA:0,(anonymous_0)
FNDA:0,(anonymous_1)
FNDA:0,(anonymous_2)
FNDA:0,(anonymous_3)
DA:9,3
DA:13,0
DA:21,3
DA:33,0
DA:41,3
DA:43,0
LF:6
LH:3
BRF:0
BRH:0
end_of_record
TN:
SF:root/components/Layout/index.js
FN:15,Layout
FNF:1
FNH:1
FNDA:1,Layout
DA:16,1
DA:18,1
DA:30,3
DA:33,3
LF:4
LH:4
BRF:0
BRH:0
end_of_record
TN:
SF:root/components/Layout/style.js
FN:10,(anonymous_0)
FN:24,(anonymous_1)
FN:59,(anonymous_2)
FNF:3
FNH:0
FNDA:0,(anonymous_0)
FNDA:0,(anonymous_1)
FNDA:0,(anonymous_2)
DA:10,3
DA:20,3
DA:24,0
DA:31,3
DA:39,3
DA:48,3
DA:57,3
DA:59,0
LF:8
LH:6
BRF:0
BRH:0
end_of_record
TN:
SF:root/components/RequestWrapper/index.js
FN:15,RequestWrapper
FN:26,(anonymous_1)
FNF:2
FNH:2
FNDA:3,RequestWrapper
FNDA:1,(anonymous_1)
DA:16,3
DA:17,3
DA:18,1
DA:23,2
DA:24,1
DA:27,1
DA:32,1
DA:34,3
DA:38,3
LF:9
LH:9
BRDA:17,0,0,1
BRDA:17,0,1,2
BRDA:23,1,0,1
BRDA:23,1,1,1
BRF:4
BRH:4
end_of_record
TN:
SF:root/components/RequestWrapper/style.js
FN:16,(anonymous_0)
FN:29,(anonymous_1)
FN:39,(anonymous_2)
FNF:3
FNH:0
FNDA:0,(anonymous_0)
FNDA:0,(anonymous_1)
FNDA:0,(anonymous_2)
DA:9,3
DA:16,3
DA:26,3
DA:29,0
DA:38,3
DA:39,0
DA:47,3
LF:7
LH:5
BRF:0
BRH:0
end_of_record
TN:
SF:root/components/WebPage/index.js
FN:11,WebPage
FNF:1
FNH:1
FNDA:1,WebPage
DA:12,1
DA:13,1
DA:15,3
DA:18,3
LF:4
LH:4
BRDA:13,0,0,0
BRDA:13,0,1,1
BRF:2
BRH:1
end_of_record
TN:
SF:root/components/WebPage/style.js
FNF:0
FNH:0
DA:9,3
LF:1
LH:1
BRF:0
BRH:0
end_of_record
TN:
SF:root/containers/HomeContainer.js
FN:25,HomeContainer
FN:32,(anonymous_1)
FN:45,(anonymous_2)
FN:55,(anonymous_3)
FN:58,(anonymous_4)
FN:62,(anonymous_5)
FN:70,(anonymous_6)
FNF:7
FNH:1
FNDA:1,HomeContainer
FNDA:0,(anonymous_1)
FNDA:0,(anonymous_2)
FNDA:0,(anonymous_3)
FNDA:0,(anonymous_4)
FNDA:0,(anonymous_5)
FNDA:0,(anonymous_6)
DA:16,2
DA:17,2
DA:26,1
DA:27,1
DA:29,1
DA:30,1
DA:32,1
DA:33,0
DA:34,0
DA:35,0
DA:36,0
DA:37,0
DA:38,0
DA:39,0
DA:41,0
DA:45,1
DA:46,0
DA:47,0
DA:48,0
DA:49,0
DA:50,0
DA:54,1
DA:55,0
DA:58,1
DA:59,0
DA:62,1
DA:63,0
DA:66,1
DA:71,0
LF:29
LH:12
BRDA:35,0,0,0
BRDA:35,0,1,0
BRDA:35,1,0,0
BRDA:35,1,1,0
BRDA:38,2,0,0
BRDA:38,2,1,0
BRDA:47,3,0,0
BRDA:47,3,1,0
BRDA:49,4,0,0
BRDA:49,4,1,0
BRDA:59,5,0,0
BRDA:59,5,1,0
BRDA:63,6,0,0
BRDA:63,6,1,0
BRDA:63,7,0,0
BRDA:63,7,1,0
BRF:16
BRH:0
end_of_record
TN:
SF:root/contexts/APIContext.js
FN:25,APIProvider
FN:28,(anonymous_1)
FN:37,(anonymous_2)
FN:40,(anonymous_3)
FN:44,(anonymous_4)
FN:50,(anonymous_5)
FN:72,(anonymous_6)
FNF:7
FNH:0
FNDA:0,APIProvider
FNDA:0,(anonymous_1)
FNDA:0,(anonymous_2)
FNDA:0,(anonymous_3)
FNDA:0,(anonymous_4)
FNDA:0,(anonymous_5)
FNDA:0,(anonymous_6)
DA:6,2
DA:8,2
DA:26,0
DA:28,0
DA:29,0
DA:30,0
DA:31,0
DA:32,0
DA:33,0
DA:34,0
DA:35,0
DA:36,0
DA:37,0
DA:38,0
DA:40,0
DA:41,0
DA:42,0
DA:45,0
DA:46,0
DA:48,0
DA:51,0
DA:54,0
DA:59,0
DA:64,0
DA:72,2
DA:73,0
DA:74,0
DA:75,0
LF:28
LH:3
BRDA:28,0,0,0
BRDA:32,1,0,0
BRDA:32,1,1,0
BRDA:34,2,0,0
BRDA:34,2,1,0
BRDA:35,3,0,0
BRDA:35,3,1,0
BRDA:45,4,0,0
BRDA:45,4,1,0
BRDA:45,5,0,0
BRDA:45,5,1,0
BRDA:74,6,0,0
BRDA:74,6,1,0
BRF:13
BRH:0
end_of_record
TN:
SF:root/contexts/StorageContext.js
FN:21,StorageProvider
FN:25,(anonymous_1)
FN:35,(anonymous_2)
FN:36,(anonymous_3)
FN:49,(anonymous_4)
FN:52,(anonymous_5)
FN:58,(anonymous_6)
FN:59,(anonymous_7)
FN:60,(anonymous_8)
FN:69,(anonymous_9)
FN:70,(anonymous_10)
FN:77,(anonymous_11)
FN:78,(anonymous_12)
FN:79,(anonymous_13)
FN:80,(anonymous_14)
FN:88,(anonymous_15)
FN:91,(anonymous_16)
FN:94,(anonymous_17)
FN:95,(anonymous_18)
FN:99,(anonymous_19)
FN:101,(anonymous_20)
FN:116,(anonymous_21)
FNF:22
FNH:0
FNDA:0,StorageProvider
FNDA:0,(anonymous_1)
FNDA:0,(anonymous_2)
FNDA:0,(anonymous_3)
FNDA:0,(anonymous_4)
FNDA:0,(anonymous_5)
FNDA:0,(anonymous_6)
FNDA:0,(anonymous_7)
FNDA:0,(anonymous_8)
FNDA:0,(anonymous_9)
FNDA:0,(anonymous_10)
FNDA:0,(anonymous_11)
FNDA:0,(anonymous_12)
FNDA:0,(anonymous_13)
FNDA:0,(anonymous_14)
FNDA:0,(anonymous_15)
FNDA:0,(anonymous_16)
FNDA:0,(anonymous_17)
FNDA:0,(anonymous_18)
FNDA:0,(anonymous_19)
FNDA:0,(anonymous_20)
FNDA:0,(anonymous_21)
DA:7,2
DA:8,2
DA:10,2
DA:22,0
DA:23,0
DA:24,0
DA:25,0
DA:26,0
DA:27,0
DA:32,0
DA:33,0
DA:35,0
DA:36,0
DA:37,0
DA:38,0
DA:42,0
DA:43,0
DA:47,0
DA:50,0
DA:51,0
DA:52,0
DA:53,0
DA:55,0
DA:56,0
DA:57,0
DA:58,0
DA:59,0
DA:60,0
DA:61,0
DA:64,0
DA:65,0
DA:70,0
DA:71,0
DA:72,0
DA:73,0
DA:74,0
DA:76,0
DA:77,0
DA:78,0
DA:79,0
DA:80,0
DA:81,0
DA:84,0
DA:89,0
DA:90,0
DA:91,0
DA:92,0
DA:94,0
DA:95,0
DA:99,0
DA:100,0
DA:101,0
DA:104,0
DA:108,2
DA:116,2
DA:117,0
DA:118,0
DA:119,0
DA:120,0
LF:59
LH:5
BRDA:49,0,0,0
BRDA:50,1,0,0
BRDA:50,1,1,0
BRDA:51,2,0,0
BRDA:51,2,1,0
BRDA:53,3,0,0
BRDA:53,3,1,0
BRDA:55,4,0,0
BRDA:55,4,1,0
BRDA:71,5,0,0
BRDA:71,5,1,0
BRDA:72,6,0,0
BRDA:72,6,1,0
BRDA:73,7,0,0
BRDA:73,7,1,0
BRDA:89,8,0,0
BRDA:89,8,1,0
BRDA:101,9,0,0
BRDA:101,9,1,0
BRDA:118,10,0,0
BRDA:118,10,1,0
BRF:21
BRH:0
end_of_record
TN:
SF:root/contexts/ThemeContext.js
FN:14,(anonymous_0)
FN:25,ThemeProvider
FN:31,(anonymous_2)
FN:48,(anonymous_3)
FNF:4
FNH:1
FNDA:16,(anonymous_0)
FNDA:0,ThemeProvider
FNDA:0,(anonymous_2)
FNDA:0,(anonymous_3)
DA:7,8
DA:8,8
DA:9,8
DA:10,8
DA:12,8
DA:14,16
DA:26,0
DA:27,0
DA:28,0
DA:29,0
DA:32,0
DA:33,0
DA:36,0
DA:48,8
DA:49,0
DA:50,0
DA:51,0
LF:17
LH:7
BRDA:27,0,0,0
BRDA:27,0,1,0
BRDA:28,1,0,0
BRDA:28,1,1,0
BRDA:50,2,0,0
BRDA:50,2,1,0
BRF:6
BRH:0
end_of_record
TN:
SF:root/contexts/index.js
FN:14,Contexts
FNF:1
FNH:0
FNDA:0,Contexts
DA:15,0
DA:26,1
LF:2
LH:1
BRF:0
BRH:0
end_of_record
TN:
SF:root/hooks/index.js
FNF:0
FNH:0
LF:0
LH:0
BRF:0
BRH:0
end_of_record
TN:
SF:root/hooks/useCardInfos.js
FN:8,(anonymous_0)
FN:22,(anonymous_1)
FN:36,useCardsInfos
FN:43,(anonymous_3)
FN:46,(anonymous_4)
FN:49,(anonymous_5)
FN:53,(anonymous_6)
FNF:7
FNH:2
FNDA:0,(anonymous_0)
FNDA:0,(anonymous_1)
FNDA:1,useCardsInfos
FNDA:0,(anonymous_3)
FNDA:0,(anonymous_4)
FNDA:1,(anonymous_5)
FNDA:0,(anonymous_6)
DA:8,2
DA:9,0
DA:11,0
DA:18,0
DA:22,0
DA:26,0
DA:37,1
DA:43,1
DA:44,0
DA:46,1
DA:48,1
DA:49,1
DA:54,0
DA:55,0
DA:56,0
DA:57,0
DA:59,0
LF:17
LH:6
BRDA:9,0,0,0
BRDA:9,0,1,0
BRDA:9,0,2,0
BRDA:53,1,0,0
BRDA:55,2,0,0
BRDA:55,2,1,0
BRDA:56,3,0,0
BRDA:56,3,1,0
BRDA:59,4,0,0
BRDA:59,4,1,0
BRF:10
BRH:0
end_of_record
TN:
SF:root/utils/constants/index.js
FNF:0
FNH:0
LF:0
LH:0
BRF:0
BRH:0
end_of_record
TN:
SF:root/utils/functions/index.js
FN:9,(anonymous_0)
FN:23,(anonymous_1)
FNF:2
FNH:0
FNDA:0,(anonymous_0)
FNDA:0,(anonymous_1)
DA:10,0
DA:23,2
DA:24,0
DA:26,0
DA:27,0
LF:5
LH:1
BRDA:9,0,0,0
BRF:1
BRH:0
end_of_record
TN:
SF:root/utils/functions/decorators/index.js
FN:7,(anonymous_0)
FN:7,(anonymous_1)
FN:15,(anonymous_2)
FN:15,(anonymous_3)
FN:17,(anonymous_4)
FNF:5
FNH:0
FNDA:0,(anonymous_0)
FNDA:0,(anonymous_1)
FNDA:0,(anonymous_2)
FNDA:0,(anonymous_3)
FNDA:0,(anonymous_4)
DA:7,2
DA:15,2
DA:16,0
DA:17,0
DA:20,0
LF:5
LH:2
BRDA:17,0,0,0
BRDA:17,0,1,0
BRF:2
BRH:0
end_of_record
